<?xml version="1.0" encoding="UTF-8"?>
<!-- Generated by org.testng.reporters.JUnitReportReporter -->
<testsuite hostname="NCSIN07W81KT2C0" failures="0" tests="3" name="com.letcode.automation.TableAutomation" time="0.029" errors="0" timestamp="2024-04-26T15:27:58 IST" skipped="2">
  <testcase classname="com.letcode.automation.TableAutomation" name="verifyIfSortingWorks" time="0.029"/>
  <testcase classname="com.letcode.automation.TableAutomation" name="verifyShoppingListTotal">
    <skipped/>
  </testcase> <!-- verifyShoppingListTotal -->
  <testcase classname="com.letcode.automation.TableAutomation" name="markRajAsPresent">
    <skipped/>
  </testcase> <!-- markRajAsPresent -->
</testsuite> <!-- com.letcode.automation.TableAutomation -->
